Using pre-set license
Built from '2020.2/release' branch; Version is '2020.2.2f1 (068178b99f32) revision 426360'; Using compiler version '192528614'; Build Type 'Release'
OS: 'Windows 10 Pro; OS build 19042.1348; Version 2009; 64bit' Language: 'en' Physical Memory: 16187 MB
BatchMode: 1, IsHumanControllingUs: 0, StartBugReporterOnCrash: 0, Is64bit: 1, IsPro: 0

 COMMAND LINE ARGUMENTS:
C:\Program Files\Unity\Hub\Editor\2020.2.2f1\Editor\Unity.exe
-adb2
-batchMode
-noUpm
-name
AssetImportWorker1
-projectPath
C:/Users/timhe/Desktop/Work and stuff/TAFE/TAFE Git/Sumo/Sumo
-logFile
Logs/AssetImportWorker1.log
-srvPort
58015
Successfully changed project path to: C:/Users/timhe/Desktop/Work and stuff/TAFE/TAFE Git/Sumo/Sumo
C:/Users/timhe/Desktop/Work and stuff/TAFE/TAFE Git/Sumo/Sumo
Using Asset Import Pipeline V2.
Refreshing native plugins compatible for Editor in 35.56 ms, found 1 plugins.
Preloading 0 native plugins for Editor in 0.00 ms.
Initialize engine version: 2020.2.2f1 (068178b99f32)
[Subsystems] Discovering subsystems at path C:/Program Files/Unity/Hub/Editor/2020.2.2f1/Editor/Data/Resources/UnitySubsystems
[Subsystems] Discovering subsystems at path C:/Users/timhe/Desktop/Work and stuff/TAFE/TAFE Git/Sumo/Sumo/Assets
GfxDevice: creating device client; threaded=0
Direct3D:
    Version:  Direct3D 11.0 [level 11.1]
    Renderer: NVIDIA GeForce GTX 1660 Ti (ID=0x2191)
    Vendor:   
    VRAM:     5991 MB
    Driver:   27.21.14.6230
Initialize mono
Mono path[0] = 'C:/Program Files/Unity/Hub/Editor/2020.2.2f1/Editor/Data/Managed'
Mono path[1] = 'C:/Program Files/Unity/Hub/Editor/2020.2.2f1/Editor/Data/MonoBleedingEdge/lib/mono/unityjit'
Mono config path = 'C:/Program Files/Unity/Hub/Editor/2020.2.2f1/Editor/Data/MonoBleedingEdge/etc'
Using monoOptions --debugger-agent=transport=dt_socket,embedding=1,server=y,suspend=n,address=127.0.0.1:56060
Begin MonoManager ReloadAssembly
Registering precompiled unity dll's ...
Register platform support module: C:/Program Files/Unity/Hub/Editor/2020.2.2f1/Editor/Data/PlaybackEngines/WindowsStandaloneSupport/UnityEditor.WindowsStandalone.Extensions.dll
Registered in 0.001813 seconds.
Native extension for WindowsStandalone target not found
Refreshing native plugins compatible for Editor in 32.78 ms, found 1 plugins.
Preloading 0 native plugins for Editor in 0.00 ms.
Invoked RoslynAnalysisRunner static constructor.
RoslynAnalysisRunner will not be running.
RoslynAnalysisRunner has terminated.
Mono: successfully reloaded assembly
- Completed reload, in  1.992 seconds
Platform modules already initialized, skipping
Registering precompiled user dll's ...
Registered in 0.001270 seconds.
Begin MonoManager ReloadAssembly
Native extension for WindowsStandalone target not found
Refreshing native plugins compatible for Editor in 32.70 ms, found 1 plugins.
Preloading 0 native plugins for Editor in 0.00 ms.
Invoked RoslynAnalysisRunner static constructor.
RoslynAnalysisRunner will not be running.
RoslynAnalysisRunner has terminated.
Mono: successfully reloaded assembly
- Completed reload, in  0.840 seconds
Platform modules already initialized, skipping
========================================================================
Worker process is ready to serve import requests
Launched and connected shader compiler UnityShaderCompiler.exe after 0.05 seconds
Refreshing native plugins compatible for Editor in 0.31 ms, found 1 plugins.
Preloading 0 native plugins for Editor in 0.00 ms.
Unloading 1798 Unused Serialized files (Serialized files now loaded: 0)
System memory in use before: 84.6 MB.
System memory in use after: 84.5 MB.

Unloading 24 unused Assets to reduce memory usage. Loaded Objects now: 2240.
Total: 2.131600 ms (FindLiveObjects: 0.343800 ms CreateObjectMapping: 0.158400 ms MarkObjects: 1.514800 ms  DeleteObjects: 0.113700 ms)

========================================================================
Received Import Request.
  path: Assets/Air blast.prefab
  artifactKey: Guid(d2b610be577c6154e98d12730592aa9c) Importer(815301076,1909f56bfc062723c751e8b465ee728b)
Start importing Assets/Air blast.prefab using Guid(d2b610be577c6154e98d12730592aa9c) Importer(815301076,1909f56bfc062723c751e8b465ee728b)  -> (artifact id: 'caacbf4b55f7e37a0f2543c65a7c1086') in 0.106055 seconds
  Import took 0.109096 seconds .

========================================================================
Received Prepare
Registering precompiled user dll's ...
Registered in 0.001054 seconds.
Begin MonoManager ReloadAssembly
Native extension for WindowsStandalone target not found
Refreshing native plugins compatible for Editor in 0.31 ms, found 1 plugins.
Preloading 0 native plugins for Editor in 0.00 ms.
Invoked RoslynAnalysisRunner static constructor.
RoslynAnalysisRunner will not be running.
RoslynAnalysisRunner has terminated.
Mono: successfully reloaded assembly
- Completed reload, in  0.799 seconds
Platform modules already initialized, skipping
Refreshing native plugins compatible for Editor in 0.54 ms, found 1 plugins.
Preloading 0 native plugins for Editor in 0.00 ms.
Unloading 1793 Unused Serialized files (Serialized files now loaded: 0)
System memory in use before: 87.7 MB.
System memory in use after: 87.7 MB.

Unloading 12 unused Assets to reduce memory usage. Loaded Objects now: 2250.
Total: 1.991900 ms (FindLiveObjects: 0.212500 ms CreateObjectMapping: 0.060700 ms MarkObjects: 1.623700 ms  DeleteObjects: 0.093400 ms)

========================================================================
Received Prepare
Registering precompiled user dll's ...
Registered in 0.001018 seconds.
Begin MonoManager ReloadAssembly
Native extension for WindowsStandalone target not found
Refreshing native plugins compatible for Editor in 0.34 ms, found 1 plugins.
Preloading 0 native plugins for Editor in 0.00 ms.
Invoked RoslynAnalysisRunner static constructor.
RoslynAnalysisRunner will not be running.
RoslynAnalysisRunner has terminated.
Mono: successfully reloaded assembly
- Completed reload, in  0.833 seconds
Platform modules already initialized, skipping
Refreshing native plugins compatible for Editor in 0.40 ms, found 1 plugins.
Preloading 0 native plugins for Editor in 0.00 ms.
Unloading 1793 Unused Serialized files (Serialized files now loaded: 0)
System memory in use before: 87.8 MB.
System memory in use after: 87.8 MB.

Unloading 12 unused Assets to reduce memory usage. Loaded Objects now: 2253.
Total: 1.983000 ms (FindLiveObjects: 0.256300 ms CreateObjectMapping: 0.089900 ms MarkObjects: 1.536400 ms  DeleteObjects: 0.099200 ms)

========================================================================
Received Import Request.
  Time since last request: 126.280593 seconds.
  path: Assets/Scenes/SampleScene.unity
  artifactKey: Guid(2cda990e2423bbf4892e6590ba056729) Importer(815301076,1909f56bfc062723c751e8b465ee728b)
Start importing Assets/Scenes/SampleScene.unity using Guid(2cda990e2423bbf4892e6590ba056729) Importer(815301076,1909f56bfc062723c751e8b465ee728b)  -> (artifact id: '5bd4d88ef8bbd4e5b3746d686aa488a9') in 0.013518 seconds
  Import took 0.016945 seconds .

========================================================================
Received Import Request.
  Time since last request: 3.575067 seconds.
  path: Assets/Scenes/Level2.unity
  artifactKey: Guid(248d65631c3ee584aadb97d81c992ca9) Importer(815301076,1909f56bfc062723c751e8b465ee728b)
Start importing Assets/Scenes/Level2.unity using Guid(248d65631c3ee584aadb97d81c992ca9) Importer(815301076,1909f56bfc062723c751e8b465ee728b)  -> (artifact id: '0fd71d8aa8cec7c5450c4bf70ee6a81c') in 0.008213 seconds
  Import took 0.011003 seconds .

========================================================================
Received Import Request.
  Time since last request: 521.044808 seconds.
  path: Assets/Scenes/SampleScene.unity
  artifactKey: Guid(2cda990e2423bbf4892e6590ba056729) Importer(815301076,1909f56bfc062723c751e8b465ee728b)
Start importing Assets/Scenes/SampleScene.unity using Guid(2cda990e2423bbf4892e6590ba056729) Importer(815301076,1909f56bfc062723c751e8b465ee728b)  -> (artifact id: '0e1187ee6586719ee4831ed2a6075b8c') in 0.003183 seconds
  Import took 0.006654 seconds .

========================================================================
Received Import Request.
  Time since last request: 1.401369 seconds.
  path: Assets/Scenes/Level2.unity
  artifactKey: Guid(248d65631c3ee584aadb97d81c992ca9) Importer(815301076,1909f56bfc062723c751e8b465ee728b)
Start importing Assets/Scenes/Level2.unity using Guid(248d65631c3ee584aadb97d81c992ca9) Importer(815301076,1909f56bfc062723c751e8b465ee728b)  -> (artifact id: 'e9ef5e0d76237db48b9b63b40aef5d96') in 0.005467 seconds
  Import took 0.008848 seconds .

========================================================================
Received Import Request.
  Time since last request: 0.590143 seconds.
  path: Assets/Scenes/Level3.unity
  artifactKey: Guid(1939205f4458e0841a8b5167f95e7550) Importer(815301076,1909f56bfc062723c751e8b465ee728b)
Start importing Assets/Scenes/Level3.unity using Guid(1939205f4458e0841a8b5167f95e7550) Importer(815301076,1909f56bfc062723c751e8b465ee728b)  -> (artifact id: '47386c7396de17b1a35e14580a61e7dc') in 0.005156 seconds
  Import took 0.009577 seconds .

========================================================================
Received Prepare
Refreshing native plugins compatible for Editor in 2.46 ms, found 1 plugins.
Preloading 0 native plugins for Editor in 0.00 ms.
Unloading 10 Unused Serialized files (Serialized files now loaded: 0)
System memory in use before: 52.7 MB.
System memory in use after: 52.7 MB.

Unloading 10 unused Assets to reduce memory usage. Loaded Objects now: 2253.
Total: 3.469300 ms (FindLiveObjects: 0.286500 ms CreateObjectMapping: 0.092100 ms MarkObjects: 2.983900 ms  DeleteObjects: 0.105200 ms)

AssetImportWorkerClient::OnTransportError - code=2 error=End of file
