Using pre-set license
Built from '2020.2/release' branch; Version is '2020.2.2f1 (068178b99f32) revision 426360'; Using compiler version '192528614'; Build Type 'Release'
OS: 'Windows 10 Pro; OS build 19042.1348; Version 2009; 64bit' Language: 'en' Physical Memory: 16187 MB
BatchMode: 1, IsHumanControllingUs: 0, StartBugReporterOnCrash: 0, Is64bit: 1, IsPro: 0

 COMMAND LINE ARGUMENTS:
C:\Program Files\Unity\Hub\Editor\2020.2.2f1\Editor\Unity.exe
-adb2
-batchMode
-noUpm
-name
AssetImportWorker1
-projectPath
C:/Users/timhe/Desktop/Work and stuff/TAFE/TAFE Git/Sumo/Sumo
-logFile
Logs/AssetImportWorker1.log
-srvPort
64037
Successfully changed project path to: C:/Users/timhe/Desktop/Work and stuff/TAFE/TAFE Git/Sumo/Sumo
C:/Users/timhe/Desktop/Work and stuff/TAFE/TAFE Git/Sumo/Sumo
Using Asset Import Pipeline V2.
Refreshing native plugins compatible for Editor in 58.36 ms, found 1 plugins.
Preloading 0 native plugins for Editor in 0.00 ms.
Initialize engine version: 2020.2.2f1 (068178b99f32)
[Subsystems] Discovering subsystems at path C:/Program Files/Unity/Hub/Editor/2020.2.2f1/Editor/Data/Resources/UnitySubsystems
[Subsystems] Discovering subsystems at path C:/Users/timhe/Desktop/Work and stuff/TAFE/TAFE Git/Sumo/Sumo/Assets
GfxDevice: creating device client; threaded=0
Direct3D:
    Version:  Direct3D 11.0 [level 11.1]
    Renderer: NVIDIA GeForce GTX 1660 Ti (ID=0x2191)
    Vendor:   
    VRAM:     5991 MB
    Driver:   27.21.14.6230
Initialize mono
Mono path[0] = 'C:/Program Files/Unity/Hub/Editor/2020.2.2f1/Editor/Data/Managed'
Mono path[1] = 'C:/Program Files/Unity/Hub/Editor/2020.2.2f1/Editor/Data/MonoBleedingEdge/lib/mono/unityjit'
Mono config path = 'C:/Program Files/Unity/Hub/Editor/2020.2.2f1/Editor/Data/MonoBleedingEdge/etc'
Using monoOptions --debugger-agent=transport=dt_socket,embedding=1,server=y,suspend=n,address=127.0.0.1:56732
Begin MonoManager ReloadAssembly
Registering precompiled unity dll's ...
Register platform support module: C:/Program Files/Unity/Hub/Editor/2020.2.2f1/Editor/Data/PlaybackEngines/WindowsStandaloneSupport/UnityEditor.WindowsStandalone.Extensions.dll
Registered in 0.001921 seconds.
Native extension for WindowsStandalone target not found
Refreshing native plugins compatible for Editor in 33.31 ms, found 1 plugins.
Preloading 0 native plugins for Editor in 0.00 ms.
Invoked RoslynAnalysisRunner static constructor.
RoslynAnalysisRunner will not be running.
RoslynAnalysisRunner has terminated.
Mono: successfully reloaded assembly
- Completed reload, in  1.163 seconds
Platform modules already initialized, skipping
Registering precompiled user dll's ...
Registered in 0.000888 seconds.
Begin MonoManager ReloadAssembly
Native extension for WindowsStandalone target not found
Refreshing native plugins compatible for Editor in 45.55 ms, found 1 plugins.
Preloading 0 native plugins for Editor in 0.00 ms.
Invoked RoslynAnalysisRunner static constructor.
RoslynAnalysisRunner will not be running.
RoslynAnalysisRunner has terminated.
Mono: successfully reloaded assembly
- Completed reload, in  0.948 seconds
Platform modules already initialized, skipping
========================================================================
Worker process is ready to serve import requests
Launched and connected shader compiler UnityShaderCompiler.exe after 0.06 seconds
Refreshing native plugins compatible for Editor in 0.55 ms, found 1 plugins.
Preloading 0 native plugins for Editor in 0.00 ms.
Unloading 1796 Unused Serialized files (Serialized files now loaded: 0)
System memory in use before: 84.5 MB.
System memory in use after: 84.5 MB.

Unloading 24 unused Assets to reduce memory usage. Loaded Objects now: 2238.
Total: 2.480800 ms (FindLiveObjects: 0.278000 ms CreateObjectMapping: 0.241600 ms MarkObjects: 1.847700 ms  DeleteObjects: 0.112100 ms)

========================================================================
Received Import Request.
  path: Assets/EnemyScript.cs
  artifactKey: Guid(2fd745301d4929340af5b16768254378) Importer(815301076,1909f56bfc062723c751e8b465ee728b)
Start importing Assets/EnemyScript.cs using Guid(2fd745301d4929340af5b16768254378) Importer(815301076,1909f56bfc062723c751e8b465ee728b)  -> (artifact id: '446a492161348fa095a84a7055edeff0') in 0.043771 seconds
  Import took 0.053529 seconds .

========================================================================
Received Prepare
Registering precompiled user dll's ...
Registered in 0.000893 seconds.
Begin MonoManager ReloadAssembly
Native extension for WindowsStandalone target not found
Refreshing native plugins compatible for Editor in 0.34 ms, found 1 plugins.
Preloading 0 native plugins for Editor in 0.00 ms.
Invoked RoslynAnalysisRunner static constructor.
RoslynAnalysisRunner will not be running.
RoslynAnalysisRunner has terminated.
Mono: successfully reloaded assembly
- Completed reload, in  0.775 seconds
Platform modules already initialized, skipping
Refreshing native plugins compatible for Editor in 0.33 ms, found 1 plugins.
Preloading 0 native plugins for Editor in 0.00 ms.
Unloading 1791 Unused Serialized files (Serialized files now loaded: 0)
System memory in use before: 84.6 MB.
System memory in use after: 84.6 MB.

Unloading 12 unused Assets to reduce memory usage. Loaded Objects now: 2241.
Total: 1.937000 ms (FindLiveObjects: 0.189400 ms CreateObjectMapping: 0.056500 ms MarkObjects: 1.604400 ms  DeleteObjects: 0.085500 ms)

========================================================================
Received Import Request.
  Time since last request: 172.948220 seconds.
  path: Assets/EnemyScript.cs
  artifactKey: Guid(2fd745301d4929340af5b16768254378) Importer(815301076,1909f56bfc062723c751e8b465ee728b)
Start importing Assets/EnemyScript.cs using Guid(2fd745301d4929340af5b16768254378) Importer(815301076,1909f56bfc062723c751e8b465ee728b)  -> (artifact id: '6362dc6bc4a81922a2ee87993b5b611f') in 0.005546 seconds
  Import took 0.007914 seconds .

========================================================================
Received Import Request.
  Time since last request: 202.245135 seconds.
  path: ProjectSettings/TagManager.asset
  artifactKey: Guid(00000000000000003000000000000000) Importer(815301076,1909f56bfc062723c751e8b465ee728b)
Start importing ProjectSettings/TagManager.asset using Guid(00000000000000003000000000000000) Importer(815301076,1909f56bfc062723c751e8b465ee728b)  -> (artifact id: 'bf327aa8c4473d8d21f259d82da2727c') in 0.019146 seconds
  Import took 0.022209 seconds .

========================================================================
Received Import Request.
  Time since last request: 20.100152 seconds.
  path: Assets/Arrow.prefab
  artifactKey: Guid(6f73179855359d44fb6e0830acec4c05) Importer(815301076,1909f56bfc062723c751e8b465ee728b)
Start importing Assets/Arrow.prefab using Guid(6f73179855359d44fb6e0830acec4c05) Importer(815301076,1909f56bfc062723c751e8b465ee728b)  -> (artifact id: 'c3eb9a03e9d20131a3cad6f358dac6c1') in 0.085028 seconds
  Import took 0.088620 seconds .

========================================================================
Received Import Request.
  Time since last request: 82.979425 seconds.
  path: Assets/Arrow.prefab
  artifactKey: Guid(6f73179855359d44fb6e0830acec4c05) Importer(815301076,1909f56bfc062723c751e8b465ee728b)
Start importing Assets/Arrow.prefab using Guid(6f73179855359d44fb6e0830acec4c05) Importer(815301076,1909f56bfc062723c751e8b465ee728b)  -> (artifact id: '30ffb77d44cd2c741c735b8a6333442b') in 0.014826 seconds
  Import took 0.020372 seconds .

========================================================================
Received Import Request.
  Time since last request: 11.998790 seconds.
  path: Assets/AttackScipt.cs
  artifactKey: Guid(0bf744756e89f404b911421363a07ac3) Importer(815301076,1909f56bfc062723c751e8b465ee728b)
Start importing Assets/AttackScipt.cs using Guid(0bf744756e89f404b911421363a07ac3) Importer(815301076,1909f56bfc062723c751e8b465ee728b)  -> (artifact id: 'f6e168ad517cc822bb2d9cfa8daed5ee') in 0.003511 seconds
  Import took 0.007129 seconds .

========================================================================
Received Import Request.
  Time since last request: 0.001270 seconds.
  path: Assets/AttackScipt.cs
  artifactKey: Guid(0bf744756e89f404b911421363a07ac3) Importer(815301076,1909f56bfc062723c751e8b465ee728b)
Start importing Assets/AttackScipt.cs using Guid(0bf744756e89f404b911421363a07ac3) Importer(815301076,1909f56bfc062723c751e8b465ee728b)  -> (artifact id: 'f6e168ad517cc822bb2d9cfa8daed5ee') in 0.004308 seconds
  Import took 0.007305 seconds .

========================================================================
Received Prepare
Registering precompiled user dll's ...
Registered in 0.001482 seconds.
Begin MonoManager ReloadAssembly
Native extension for WindowsStandalone target not found
Refreshing native plugins compatible for Editor in 0.33 ms, found 1 plugins.
Preloading 0 native plugins for Editor in 0.00 ms.
Invoked RoslynAnalysisRunner static constructor.
RoslynAnalysisRunner will not be running.
RoslynAnalysisRunner has terminated.
Mono: successfully reloaded assembly
- Completed reload, in  0.801 seconds
Platform modules already initialized, skipping
Refreshing native plugins compatible for Editor in 0.55 ms, found 1 plugins.
Preloading 0 native plugins for Editor in 0.00 ms.
Unloading 1791 Unused Serialized files (Serialized files now loaded: 0)
System memory in use before: 87.8 MB.
System memory in use after: 87.8 MB.

Unloading 13 unused Assets to reduce memory usage. Loaded Objects now: 2251.
Total: 2.146500 ms (FindLiveObjects: 0.262600 ms CreateObjectMapping: 0.099300 ms MarkObjects: 1.646000 ms  DeleteObjects: 0.137600 ms)

========================================================================
Received Prepare
Registering precompiled user dll's ...
Registered in 0.000902 seconds.
Begin MonoManager ReloadAssembly
Native extension for WindowsStandalone target not found
Refreshing native plugins compatible for Editor in 0.30 ms, found 1 plugins.
Preloading 0 native plugins for Editor in 0.00 ms.
Invoked RoslynAnalysisRunner static constructor.
RoslynAnalysisRunner will not be running.
RoslynAnalysisRunner has terminated.
Mono: successfully reloaded assembly
- Completed reload, in  0.769 seconds
Platform modules already initialized, skipping
Refreshing native plugins compatible for Editor in 0.44 ms, found 1 plugins.
Preloading 0 native plugins for Editor in 0.00 ms.
Unloading 1791 Unused Serialized files (Serialized files now loaded: 0)
System memory in use before: 87.9 MB.
System memory in use after: 87.9 MB.

Unloading 12 unused Assets to reduce memory usage. Loaded Objects now: 2254.
Total: 1.892900 ms (FindLiveObjects: 0.171300 ms CreateObjectMapping: 0.060100 ms MarkObjects: 1.569000 ms  DeleteObjects: 0.091700 ms)

========================================================================
Received Import Request.
  Time since last request: 187.580766 seconds.
  path: Assets/AttackScipt.cs
  artifactKey: Guid(0bf744756e89f404b911421363a07ac3) Importer(815301076,1909f56bfc062723c751e8b465ee728b)
Start importing Assets/AttackScipt.cs using Guid(0bf744756e89f404b911421363a07ac3) Importer(815301076,1909f56bfc062723c751e8b465ee728b)  -> (artifact id: '75f91d522ec9499fc56571b38d2afadd') in 0.004475 seconds
  Import took 0.007171 seconds .

========================================================================
Received Prepare
Registering precompiled user dll's ...
Registered in 0.001382 seconds.
Begin MonoManager ReloadAssembly
Native extension for WindowsStandalone target not found
Refreshing native plugins compatible for Editor in 0.35 ms, found 1 plugins.
Preloading 0 native plugins for Editor in 0.00 ms.
Invoked RoslynAnalysisRunner static constructor.
RoslynAnalysisRunner will not be running.
RoslynAnalysisRunner has terminated.
Mono: successfully reloaded assembly
- Completed reload, in  0.841 seconds
Platform modules already initialized, skipping
Refreshing native plugins compatible for Editor in 0.49 ms, found 1 plugins.
Preloading 0 native plugins for Editor in 0.00 ms.
Unloading 1791 Unused Serialized files (Serialized files now loaded: 0)
System memory in use before: 87.9 MB.
System memory in use after: 87.9 MB.

Unloading 12 unused Assets to reduce memory usage. Loaded Objects now: 2257.
Total: 2.203500 ms (FindLiveObjects: 0.179800 ms CreateObjectMapping: 0.057100 ms MarkObjects: 1.871400 ms  DeleteObjects: 0.094100 ms)

========================================================================
Received Prepare
Registering precompiled user dll's ...
Registered in 0.000898 seconds.
Begin MonoManager ReloadAssembly
Native extension for WindowsStandalone target not found
Refreshing native plugins compatible for Editor in 0.33 ms, found 1 plugins.
Preloading 0 native plugins for Editor in 0.00 ms.
Invoked RoslynAnalysisRunner static constructor.
RoslynAnalysisRunner will not be running.
RoslynAnalysisRunner has terminated.
Mono: successfully reloaded assembly
- Completed reload, in  0.805 seconds
Platform modules already initialized, skipping
Refreshing native plugins compatible for Editor in 0.35 ms, found 1 plugins.
Preloading 0 native plugins for Editor in 0.00 ms.
Unloading 1791 Unused Serialized files (Serialized files now loaded: 0)
System memory in use before: 88.0 MB.
System memory in use after: 88.0 MB.

Unloading 12 unused Assets to reduce memory usage. Loaded Objects now: 2260.
Total: 1.870700 ms (FindLiveObjects: 0.248500 ms CreateObjectMapping: 0.080300 ms MarkObjects: 1.456700 ms  DeleteObjects: 0.084400 ms)

========================================================================
Received Import Request.
  Time since last request: 113.573013 seconds.
  path: Assets/AttackScipt.cs
  artifactKey: Guid(0bf744756e89f404b911421363a07ac3) Importer(815301076,1909f56bfc062723c751e8b465ee728b)
Start importing Assets/AttackScipt.cs using Guid(0bf744756e89f404b911421363a07ac3) Importer(815301076,1909f56bfc062723c751e8b465ee728b)  -> (artifact id: '71866c9309664b2961cba5e840f93b5b') in 0.005555 seconds
  Import took 0.008045 seconds .

========================================================================
Received Prepare
Registering precompiled user dll's ...
Registered in 0.000887 seconds.
Begin MonoManager ReloadAssembly
Native extension for WindowsStandalone target not found
Refreshing native plugins compatible for Editor in 0.31 ms, found 1 plugins.
Preloading 0 native plugins for Editor in 0.00 ms.
Invoked RoslynAnalysisRunner static constructor.
RoslynAnalysisRunner will not be running.
RoslynAnalysisRunner has terminated.
Mono: successfully reloaded assembly
- Completed reload, in  0.859 seconds
Platform modules already initialized, skipping
Refreshing native plugins compatible for Editor in 0.32 ms, found 1 plugins.
Preloading 0 native plugins for Editor in 0.00 ms.
Unloading 1791 Unused Serialized files (Serialized files now loaded: 0)
System memory in use before: 88.1 MB.
System memory in use after: 88.1 MB.

Unloading 12 unused Assets to reduce memory usage. Loaded Objects now: 2263.
Total: 1.936300 ms (FindLiveObjects: 0.153100 ms CreateObjectMapping: 0.051400 ms MarkObjects: 1.639800 ms  DeleteObjects: 0.091000 ms)

========================================================================
Received Prepare
Registering precompiled user dll's ...
Registered in 0.000890 seconds.
Begin MonoManager ReloadAssembly
Native extension for WindowsStandalone target not found
Refreshing native plugins compatible for Editor in 0.41 ms, found 1 plugins.
Preloading 0 native plugins for Editor in 0.00 ms.
Invoked RoslynAnalysisRunner static constructor.
RoslynAnalysisRunner will not be running.
RoslynAnalysisRunner has terminated.
Mono: successfully reloaded assembly
- Completed reload, in  0.778 seconds
Platform modules already initialized, skipping
Refreshing native plugins compatible for Editor in 0.53 ms, found 1 plugins.
Preloading 0 native plugins for Editor in 0.00 ms.
Unloading 1791 Unused Serialized files (Serialized files now loaded: 0)
System memory in use before: 88.2 MB.
System memory in use after: 88.2 MB.

Unloading 12 unused Assets to reduce memory usage. Loaded Objects now: 2266.
Total: 1.834900 ms (FindLiveObjects: 0.160700 ms CreateObjectMapping: 0.055100 ms MarkObjects: 1.531500 ms  DeleteObjects: 0.086700 ms)

========================================================================
Received Import Request.
  Time since last request: 63.632282 seconds.
  path: Assets/EnemyAttack.cs
  artifactKey: Guid(e87221ffb0b84a54eb6c8bddc31af53b) Importer(815301076,1909f56bfc062723c751e8b465ee728b)
Start importing Assets/EnemyAttack.cs using Guid(e87221ffb0b84a54eb6c8bddc31af53b) Importer(815301076,1909f56bfc062723c751e8b465ee728b)  -> (artifact id: 'd5520a50a8672a36209c804ce6b17401') in 0.009933 seconds
  Import took 0.012916 seconds .

========================================================================
Received Prepare
Registering precompiled user dll's ...
Registered in 0.000928 seconds.
Begin MonoManager ReloadAssembly
Native extension for WindowsStandalone target not found
Refreshing native plugins compatible for Editor in 0.32 ms, found 1 plugins.
Preloading 0 native plugins for Editor in 0.00 ms.
Invoked RoslynAnalysisRunner static constructor.
RoslynAnalysisRunner will not be running.
RoslynAnalysisRunner has terminated.
Mono: successfully reloaded assembly
- Completed reload, in  0.871 seconds
Platform modules already initialized, skipping
Refreshing native plugins compatible for Editor in 0.55 ms, found 1 plugins.
Preloading 0 native plugins for Editor in 0.00 ms.
Unloading 1792 Unused Serialized files (Serialized files now loaded: 0)
System memory in use before: 88.2 MB.
System memory in use after: 88.2 MB.

Unloading 12 unused Assets to reduce memory usage. Loaded Objects now: 2270.
Total: 2.005600 ms (FindLiveObjects: 0.290500 ms CreateObjectMapping: 0.105000 ms MarkObjects: 1.510400 ms  DeleteObjects: 0.098500 ms)

========================================================================
Received Prepare
Registering precompiled user dll's ...
Registered in 0.000895 seconds.
Begin MonoManager ReloadAssembly
Native extension for WindowsStandalone target not found
Refreshing native plugins compatible for Editor in 0.33 ms, found 1 plugins.
Preloading 0 native plugins for Editor in 0.00 ms.
Invoked RoslynAnalysisRunner static constructor.
RoslynAnalysisRunner will not be running.
RoslynAnalysisRunner has terminated.
Mono: successfully reloaded assembly
- Completed reload, in  0.778 seconds
Platform modules already initialized, skipping
Refreshing native plugins compatible for Editor in 0.54 ms, found 1 plugins.
Preloading 0 native plugins for Editor in 0.00 ms.
Unloading 1792 Unused Serialized files (Serialized files now loaded: 0)
System memory in use before: 88.3 MB.
System memory in use after: 88.3 MB.

Unloading 12 unused Assets to reduce memory usage. Loaded Objects now: 2273.
Total: 2.140700 ms (FindLiveObjects: 0.291000 ms CreateObjectMapping: 0.113900 ms MarkObjects: 1.646500 ms  DeleteObjects: 0.088100 ms)

========================================================================
Received Import Request.
  Time since last request: 34.995181 seconds.
  path: Assets/EnemyAttack.cs
  artifactKey: Guid(e87221ffb0b84a54eb6c8bddc31af53b) Importer(815301076,1909f56bfc062723c751e8b465ee728b)
Start importing Assets/EnemyAttack.cs using Guid(e87221ffb0b84a54eb6c8bddc31af53b) Importer(815301076,1909f56bfc062723c751e8b465ee728b)  -> (artifact id: '00ce75f8aeda2aa4e7fe8a0647bb05fe') in 0.005626 seconds
  Import took 0.008196 seconds .

========================================================================
Received Import Request.
  Time since last request: 3.034539 seconds.
  path: Assets/Arrow.prefab
  artifactKey: Guid(6f73179855359d44fb6e0830acec4c05) Importer(815301076,1909f56bfc062723c751e8b465ee728b)
Start importing Assets/Arrow.prefab using Guid(6f73179855359d44fb6e0830acec4c05) Importer(815301076,1909f56bfc062723c751e8b465ee728b)  -> (artifact id: 'be1a20fcc4b84ac7101b08519678e209') in 0.052467 seconds
  Import took 0.056524 seconds .

========================================================================
Received Import Request.
  Time since last request: 3.754201 seconds.
  path: Assets/Arrow.prefab
  artifactKey: Guid(6f73179855359d44fb6e0830acec4c05) Importer(815301076,1909f56bfc062723c751e8b465ee728b)
Start importing Assets/Arrow.prefab using Guid(6f73179855359d44fb6e0830acec4c05) Importer(815301076,1909f56bfc062723c751e8b465ee728b)  -> (artifact id: '344b73c900aa779348aeebfe3d39c6e0') in 0.014943 seconds
  Import took 0.018330 seconds .

========================================================================
Received Import Request.
  Time since last request: 0.000608 seconds.
  path: Assets/Arrow.prefab
  artifactKey: Guid(6f73179855359d44fb6e0830acec4c05) Importer(815301076,1909f56bfc062723c751e8b465ee728b)
Start importing Assets/Arrow.prefab using Guid(6f73179855359d44fb6e0830acec4c05) Importer(815301076,1909f56bfc062723c751e8b465ee728b)  -> (artifact id: '344b73c900aa779348aeebfe3d39c6e0') in 0.010998 seconds
  Import took 0.014128 seconds .

========================================================================
Received Import Request.
  Time since last request: 10.710193 seconds.
  path: Assets/Arrow.prefab
  artifactKey: Guid(6f73179855359d44fb6e0830acec4c05) Importer(815301076,1909f56bfc062723c751e8b465ee728b)
Start importing Assets/Arrow.prefab using Guid(6f73179855359d44fb6e0830acec4c05) Importer(815301076,1909f56bfc062723c751e8b465ee728b)  -> (artifact id: '03f835276aea2c3b443fa1f016d017b9') in 0.012172 seconds
  Import took 0.015883 seconds .

========================================================================
Received Import Request.
  Time since last request: 3.934379 seconds.
  path: Assets/Arrow.prefab
  artifactKey: Guid(6f73179855359d44fb6e0830acec4c05) Importer(815301076,1909f56bfc062723c751e8b465ee728b)
Start importing Assets/Arrow.prefab using Guid(6f73179855359d44fb6e0830acec4c05) Importer(815301076,1909f56bfc062723c751e8b465ee728b)  -> (artifact id: '7706aa2b5dbd4e0e8f403f16e1738189') in 0.013515 seconds
  Import took 0.017151 seconds .

========================================================================
Received Prepare
Registering precompiled user dll's ...
Registered in 0.000906 seconds.
Begin MonoManager ReloadAssembly
Native extension for WindowsStandalone target not found
Refreshing native plugins compatible for Editor in 0.31 ms, found 1 plugins.
Preloading 0 native plugins for Editor in 0.00 ms.
Invoked RoslynAnalysisRunner static constructor.
RoslynAnalysisRunner will not be running.
RoslynAnalysisRunner has terminated.
Mono: successfully reloaded assembly
- Completed reload, in  0.813 seconds
Platform modules already initialized, skipping
Refreshing native plugins compatible for Editor in 0.51 ms, found 1 plugins.
Preloading 0 native plugins for Editor in 0.00 ms.
Unloading 1792 Unused Serialized files (Serialized files now loaded: 0)
System memory in use before: 88.4 MB.
System memory in use after: 88.4 MB.

Unloading 12 unused Assets to reduce memory usage. Loaded Objects now: 2277.
Total: 2.560600 ms (FindLiveObjects: 0.313400 ms CreateObjectMapping: 0.065200 ms MarkObjects: 2.040600 ms  DeleteObjects: 0.140100 ms)

========================================================================
Received Prepare
Registering precompiled user dll's ...
Registered in 0.000973 seconds.
Begin MonoManager ReloadAssembly
Native extension for WindowsStandalone target not found
Refreshing native plugins compatible for Editor in 0.32 ms, found 1 plugins.
Preloading 0 native plugins for Editor in 0.00 ms.
Invoked RoslynAnalysisRunner static constructor.
RoslynAnalysisRunner will not be running.
RoslynAnalysisRunner has terminated.
Mono: successfully reloaded assembly
- Completed reload, in  0.841 seconds
Platform modules already initialized, skipping
Refreshing native plugins compatible for Editor in 0.59 ms, found 1 plugins.
Preloading 0 native plugins for Editor in 0.00 ms.
Unloading 1792 Unused Serialized files (Serialized files now loaded: 0)
System memory in use before: 88.5 MB.
System memory in use after: 88.5 MB.

Unloading 12 unused Assets to reduce memory usage. Loaded Objects now: 2280.
Total: 2.090800 ms (FindLiveObjects: 0.248400 ms CreateObjectMapping: 0.095500 ms MarkObjects: 1.657700 ms  DeleteObjects: 0.088400 ms)

========================================================================
Received Prepare
Registering precompiled user dll's ...
Registered in 0.000902 seconds.
Begin MonoManager ReloadAssembly
Native extension for WindowsStandalone target not found
Refreshing native plugins compatible for Editor in 0.31 ms, found 1 plugins.
Preloading 0 native plugins for Editor in 0.00 ms.
Invoked RoslynAnalysisRunner static constructor.
RoslynAnalysisRunner will not be running.
RoslynAnalysisRunner has terminated.
Mono: successfully reloaded assembly
- Completed reload, in  0.860 seconds
Platform modules already initialized, skipping
Refreshing native plugins compatible for Editor in 0.41 ms, found 1 plugins.
Preloading 0 native plugins for Editor in 0.00 ms.
Unloading 1792 Unused Serialized files (Serialized files now loaded: 0)
System memory in use before: 88.5 MB.
System memory in use after: 88.5 MB.

Unloading 12 unused Assets to reduce memory usage. Loaded Objects now: 2283.
Total: 1.888000 ms (FindLiveObjects: 0.152000 ms CreateObjectMapping: 0.055200 ms MarkObjects: 1.552000 ms  DeleteObjects: 0.127900 ms)

========================================================================
Received Import Request.
  Time since last request: 193.909427 seconds.
  path: Assets/Air blast.prefab
  artifactKey: Guid(d2b610be577c6154e98d12730592aa9c) Importer(815301076,1909f56bfc062723c751e8b465ee728b)
Start importing Assets/Air blast.prefab using Guid(d2b610be577c6154e98d12730592aa9c) Importer(815301076,1909f56bfc062723c751e8b465ee728b)  -> (artifact id: 'f25f67acb830969b94400767874fa4e2') in 0.056061 seconds
  Import took 0.059406 seconds .

========================================================================
Received Prepare
Registering precompiled user dll's ...
Registered in 0.000914 seconds.
Begin MonoManager ReloadAssembly
Native extension for WindowsStandalone target not found
Refreshing native plugins compatible for Editor in 0.31 ms, found 1 plugins.
Preloading 0 native plugins for Editor in 0.00 ms.
Invoked RoslynAnalysisRunner static constructor.
RoslynAnalysisRunner will not be running.
RoslynAnalysisRunner has terminated.
Mono: successfully reloaded assembly
- Completed reload, in  0.823 seconds
Platform modules already initialized, skipping
Refreshing native plugins compatible for Editor in 0.56 ms, found 1 plugins.
Preloading 0 native plugins for Editor in 0.00 ms.
Unloading 1792 Unused Serialized files (Serialized files now loaded: 0)
System memory in use before: 88.6 MB.
System memory in use after: 88.6 MB.

Unloading 12 unused Assets to reduce memory usage. Loaded Objects now: 2287.
Total: 1.931500 ms (FindLiveObjects: 0.213100 ms CreateObjectMapping: 0.066400 ms MarkObjects: 1.485600 ms  DeleteObjects: 0.165500 ms)

========================================================================
Received Prepare
Registering precompiled user dll's ...
Registered in 0.001230 seconds.
Begin MonoManager ReloadAssembly
Native extension for WindowsStandalone target not found
Refreshing native plugins compatible for Editor in 0.31 ms, found 1 plugins.
Preloading 0 native plugins for Editor in 0.00 ms.
Invoked RoslynAnalysisRunner static constructor.
RoslynAnalysisRunner will not be running.
RoslynAnalysisRunner has terminated.
Mono: successfully reloaded assembly
- Completed reload, in  0.814 seconds
Platform modules already initialized, skipping
Refreshing native plugins compatible for Editor in 0.33 ms, found 1 plugins.
Preloading 0 native plugins for Editor in 0.00 ms.
Unloading 1792 Unused Serialized files (Serialized files now loaded: 0)
System memory in use before: 88.7 MB.
System memory in use after: 88.7 MB.

Unloading 12 unused Assets to reduce memory usage. Loaded Objects now: 2290.
Total: 2.193300 ms (FindLiveObjects: 0.182400 ms CreateObjectMapping: 0.057700 ms MarkObjects: 1.858300 ms  DeleteObjects: 0.093900 ms)

========================================================================
Received Prepare
Registering precompiled user dll's ...
Registered in 0.000880 seconds.
Begin MonoManager ReloadAssembly
Native extension for WindowsStandalone target not found
Refreshing native plugins compatible for Editor in 0.31 ms, found 1 plugins.
Preloading 0 native plugins for Editor in 0.00 ms.
Invoked RoslynAnalysisRunner static constructor.
RoslynAnalysisRunner will not be running.
RoslynAnalysisRunner has terminated.
Mono: successfully reloaded assembly
- Completed reload, in  0.760 seconds
Platform modules already initialized, skipping
Refreshing native plugins compatible for Editor in 0.51 ms, found 1 plugins.
Preloading 0 native plugins for Editor in 0.00 ms.
Unloading 1792 Unused Serialized files (Serialized files now loaded: 0)
System memory in use before: 88.7 MB.
System memory in use after: 88.7 MB.

Unloading 12 unused Assets to reduce memory usage. Loaded Objects now: 2293.
Total: 2.184600 ms (FindLiveObjects: 0.381000 ms CreateObjectMapping: 0.061000 ms MarkObjects: 1.651800 ms  DeleteObjects: 0.088900 ms)

========================================================================
Received Prepare
Registering precompiled user dll's ...
Registered in 0.000954 seconds.
Begin MonoManager ReloadAssembly
Native extension for WindowsStandalone target not found
Refreshing native plugins compatible for Editor in 0.31 ms, found 1 plugins.
Preloading 0 native plugins for Editor in 0.00 ms.
Invoked RoslynAnalysisRunner static constructor.
RoslynAnalysisRunner will not be running.
RoslynAnalysisRunner has terminated.
Mono: successfully reloaded assembly
- Completed reload, in  0.778 seconds
Platform modules already initialized, skipping
Refreshing native plugins compatible for Editor in 0.55 ms, found 1 plugins.
Preloading 0 native plugins for Editor in 0.00 ms.
Unloading 1792 Unused Serialized files (Serialized files now loaded: 0)
System memory in use before: 88.8 MB.
System memory in use after: 88.8 MB.

Unloading 12 unused Assets to reduce memory usage. Loaded Objects now: 2296.
Total: 2.088200 ms (FindLiveObjects: 0.274200 ms CreateObjectMapping: 0.057900 ms MarkObjects: 1.649100 ms  DeleteObjects: 0.105700 ms)

========================================================================
Received Prepare
Registering precompiled user dll's ...
Registered in 0.001274 seconds.
Begin MonoManager ReloadAssembly
Native extension for WindowsStandalone target not found
Refreshing native plugins compatible for Editor in 0.30 ms, found 1 plugins.
Preloading 0 native plugins for Editor in 0.00 ms.
Invoked RoslynAnalysisRunner static constructor.
RoslynAnalysisRunner will not be running.
RoslynAnalysisRunner has terminated.
Mono: successfully reloaded assembly
- Completed reload, in  0.743 seconds
Platform modules already initialized, skipping
Refreshing native plugins compatible for Editor in 0.32 ms, found 1 plugins.
Preloading 0 native plugins for Editor in 0.00 ms.
Unloading 1792 Unused Serialized files (Serialized files now loaded: 0)
System memory in use before: 88.9 MB.
System memory in use after: 88.9 MB.

Unloading 12 unused Assets to reduce memory usage. Loaded Objects now: 2299.
Total: 2.048100 ms (FindLiveObjects: 0.234600 ms CreateObjectMapping: 0.076300 ms MarkObjects: 1.636800 ms  DeleteObjects: 0.099400 ms)

========================================================================
Received Prepare
Registering precompiled user dll's ...
Registered in 0.001553 seconds.
Begin MonoManager ReloadAssembly
Native extension for WindowsStandalone target not found
Refreshing native plugins compatible for Editor in 0.32 ms, found 1 plugins.
Preloading 0 native plugins for Editor in 0.00 ms.
Invoked RoslynAnalysisRunner static constructor.
RoslynAnalysisRunner will not be running.
RoslynAnalysisRunner has terminated.
Mono: successfully reloaded assembly
- Completed reload, in  0.761 seconds
Platform modules already initialized, skipping
Refreshing native plugins compatible for Editor in 0.51 ms, found 1 plugins.
Preloading 0 native plugins for Editor in 0.00 ms.
Unloading 1792 Unused Serialized files (Serialized files now loaded: 0)
System memory in use before: 89.0 MB.
System memory in use after: 89.0 MB.

Unloading 12 unused Assets to reduce memory usage. Loaded Objects now: 2302.
Total: 1.961800 ms (FindLiveObjects: 0.166800 ms CreateObjectMapping: 0.057500 ms MarkObjects: 1.647700 ms  DeleteObjects: 0.088900 ms)

AssetImportWorkerClient::OnTransportError - code=2 error=End of file
